app/build/intermediates/manifest_merge_blame_file/debug/manifest-merger-blame-debug-report.txt
1<?xml version="1.0" encoding="utf-8"?>
2<!--
3 Replace com.test.game with the identifier of your game below, e.g.
4     com.gamemaker.game
5-->
6<manifest xmlns:android="http://schemas.android.com/apk/res/android"
7    package="org.libsdl.app"
8    android:installLocation="auto"
9    android:versionCode="1"
10    android:versionName="1.0" >
11
12    <uses-sdk
13        android:minSdkVersion="19"
14        android:targetSdkVersion="34" />
15
16    <!-- OpenGL ES 2.0 -->
17    <uses-feature android:glEsVersion="0x00020000" />
17-->src\main\AndroidManifest.xml:11:5-54
17-->src\main\AndroidManifest.xml:11:19-51
18
19    <!-- Touchscreen support -->
20    <uses-feature
20-->src\main\AndroidManifest.xml:14:5-16:36
21        android:name="android.hardware.touchscreen"
21-->src\main\AndroidManifest.xml:15:9-52
22        android:required="false" />
22-->src\main\AndroidManifest.xml:16:9-33
23
24    <!-- Game controller support -->
25    <uses-feature
25-->src\main\AndroidManifest.xml:19:5-21:36
26        android:name="android.hardware.bluetooth"
26-->src\main\AndroidManifest.xml:20:9-50
27        android:required="false" />
27-->src\main\AndroidManifest.xml:21:9-33
28    <uses-feature
28-->src\main\AndroidManifest.xml:22:5-24:36
29        android:name="android.hardware.gamepad"
29-->src\main\AndroidManifest.xml:23:9-48
30        android:required="false" />
30-->src\main\AndroidManifest.xml:24:9-33
31    <uses-feature
31-->src\main\AndroidManifest.xml:25:5-27:36
32        android:name="android.hardware.usb.host"
32-->src\main\AndroidManifest.xml:26:9-49
33        android:required="false" />
33-->src\main\AndroidManifest.xml:27:9-33
34
35    <!-- External mouse input events -->
36    <uses-feature
36-->src\main\AndroidManifest.xml:30:5-32:36
37        android:name="android.hardware.type.pc"
37-->src\main\AndroidManifest.xml:31:9-48
38        android:required="false" />
38-->src\main\AndroidManifest.xml:32:9-33
39
40    <!-- Audio recording support -->
41    <!-- if you want to capture audio, uncomment this. -->
42    <!--
43         <uses-feature
44        android:name="android.hardware.microphone"
45        android:required="false" />
46    -->
47
48
49    <!-- Allow downloading to the external storage on Android 5.1 and older -->
50    <!-- <uses-permission android:name="android.permission.WRITE_EXTERNAL_STORAGE" android:maxSdkVersion="22" /> -->
51
52
53    <!-- Allow access to Bluetooth devices -->
54    <!-- Currently this is just for Steam Controller support and requires setting SDL_HINT_JOYSTICK_HIDAPI_STEAM -->
55    <!-- <uses-permission android:name="android.permission.BLUETOOTH" android:maxSdkVersion="30" /> -->
56    <!-- <uses-permission android:name="android.permission.BLUETOOTH_CONNECT" /> -->
57
58
59    <!-- Allow access to the vibrator -->
60    <uses-permission android:name="android.permission.VIBRATE" />
60-->src\main\AndroidManifest.xml:49:5-66
60-->src\main\AndroidManifest.xml:49:22-63
61
62    <!-- if you want to capture audio, uncomment this. -->
63    <!-- <uses-permission android:name="android.permission.RECORD_AUDIO" /> -->
64    <!--
65 Create a Java class extending SDLActivity and place it in a
66         directory under app/src/main/java matching the package, e.g. app/src/main/java/com/gamemaker/game/MyGame.java
67 
68         then replace "SDLActivity" with the name of your class (e.g. "MyGame")
69         in the XML below.
70
71         An example Java class can be found in README-android.md
72    -->
73    <application
73-->src\main\AndroidManifest.xml:62:5-97:19
74        android:allowBackup="true"
74-->src\main\AndroidManifest.xml:64:9-35
75        android:debuggable="true"
76        android:extractNativeLibs="true"
77        android:hardwareAccelerated="true"
77-->src\main\AndroidManifest.xml:66:9-43
78        android:icon="@mipmap/ic_launcher"
78-->src\main\AndroidManifest.xml:63:9-43
79        android:label="@string/app_name"
79-->src\main\AndroidManifest.xml:62:18-50
80        android:testOnly="true"
81        android:theme="@android:style/Theme.NoTitleBar.Fullscreen" >
81-->src\main\AndroidManifest.xml:65:9-67
82
83        <!--
84        Example of setting SDL hints from AndroidManifest.xml:
85        <meta-data android:name="SDL_ENV.SDL_ACCELEROMETER_AS_JOYSTICK" android:value="0"/>
86        -->
87
88        <activity
88-->src\main\AndroidManifest.xml:72:9-96:20
89            android:name="org.libsdl.app.SDLActivity"
89-->src\main\AndroidManifest.xml:72:19-45
90            android:alwaysRetainTaskState="true"
90-->src\main\AndroidManifest.xml:74:13-49
91            android:configChanges="layoutDirection|locale|orientation|uiMode|screenLayout|screenSize|smallestScreenSize|keyboard|keyboardHidden|navigation"
91-->src\main\AndroidManifest.xml:76:13-156
92            android:exported="true"
92-->src\main\AndroidManifest.xml:78:13-36
93            android:label="@string/app_name"
93-->src\main\AndroidManifest.xml:73:13-45
94            android:launchMode="singleInstance"
94-->src\main\AndroidManifest.xml:75:13-48
95            android:preferMinimalPostProcessing="true" >
95-->src\main\AndroidManifest.xml:77:13-55
96            <intent-filter>
96-->src\main\AndroidManifest.xml:80:13-83:29
97                <action android:name="android.intent.action.MAIN" />
97-->src\main\AndroidManifest.xml:81:17-69
97-->src\main\AndroidManifest.xml:81:25-66
98
99                <category android:name="android.intent.category.LAUNCHER" />
99-->src\main\AndroidManifest.xml:82:17-77
99-->src\main\AndroidManifest.xml:82:27-74
100            </intent-filter>
101            <!-- Let Android know that we can handle some USB devices and should receive this event -->
102            <intent-filter>
102-->src\main\AndroidManifest.xml:85:13-87:29
103                <action android:name="android.hardware.usb.action.USB_DEVICE_ATTACHED" />
103-->src\main\AndroidManifest.xml:86:17-90
103-->src\main\AndroidManifest.xml:86:25-87
104            </intent-filter>
105            <!-- Drop file event -->
106            <!--
107            <intent-filter>
108                <action android:name="android.intent.action.VIEW" />
109                <category android:name="android.intent.category.DEFAULT" />
110                <data android:mimeType="*/*" />
111            </intent-filter>
112            -->
113        </activity>
114    </application>
115
116</manifest>